# JRE version: OpenJDK Runtime Environment Temurin-21.0.8+9 (21.0.8+9) (build 21.0.8+9-LTS)
# Java VM: OpenJDK 64-Bit Server VM Temurin-21.0.8+9 (21.0.8+9-LTS, mixed mode, sharing, tiered, compressed oops, compressed class ptrs, parallel gc, windows-amd64)
GC Precious Log:
 CardTable entry size: 512
 CPUs: 12 total, 12 available
 Memory: 16180M
 Large Page Support: Disabled
 NUMA Support: Disabled
 Compressed Oops: Enabled (32-bit)
 Alignments: Space 512K, Generation 512K, Heap 2M
 Heap Min Capacity: 100M
 Heap Initial Capacity: 100M
 Heap Max Capacity: 2G
 Pre-touch: Disabled
 Parallel Workers: 10
Heap:
 PSYoungGen      total 17920K, used 7032K [0x00000000d5580000, 0x00000000d6c00000, 0x0000000100000000)
  eden space 16384K, 39% used [0x00000000d5580000,0x00000000d5bc6348,0x00000000d6580000)
  from space 1536K, 39% used [0x00000000d6980000,0x00000000d6a18000,0x00000000d6b00000)
  to   space 1024K, 0% used [0x00000000d6b00000,0x00000000d6b00000,0x00000000d6c00000)
 ParOldGen       total 68608K, used 31593K [0x0000000080000000, 0x0000000084300000, 0x00000000d5580000)
  object space 68608K, 46% used [0x0000000080000000,0x0000000081eda558,0x0000000084300000)
 Metaspace       used 46559K, committed 47744K, reserved 1114112K
  class space    used 5069K, committed 5568K, reserved 1048576K
GC Heap History (20 events):
Event: 2.954 GC heap before
{Heap before GC invocations=12 (full 1):
 PSYoungGen      total 24576K, used 24196K [0x00000000d5580000, 0x00000000d7400000, 0x0000000100000000)
  eden space 23040K, 100% used [0x00000000d5580000,0x00000000d6c00000,0x00000000d6c00000)
  from space 1536K, 75% used [0x00000000d7280000,0x00000000d73a1148,0x00000000d7400000)
  to   space 1536K, 0% used [0x00000000d7100000,0x00000000d7100000,0x00000000d7280000)
 ParOldGen       total 68608K, used 15901K [0x0000000080000000, 0x0000000084300000, 0x00000000d5580000)
  object space 68608K, 23% used [0x0000000080000000,0x0000000080f87510,0x0000000084300000)
 Metaspace       used 31297K, committed 32448K, reserved 1114112K
  class space    used 3148K, committed 3648K, reserved 1048576K
}
Event: 2.961 GC heap after
{Heap after GC invocations=12 (full 1):
 PSYoungGen      total 24064K, used 1523K [0x00000000d5580000, 0x00000000d7300000, 0x0000000100000000)
  eden space 22528K, 0% used [0x00000000d5580000,0x00000000d5580000,0x00000000d6b80000)
  from space 1536K, 99% used [0x00000000d7100000,0x00000000d727cf78,0x00000000d7280000)
  to   space 512K, 0% used [0x00000000d7280000,0x00000000d7280000,0x00000000d7300000)
 ParOldGen       total 68608K, used 17558K [0x0000000080000000, 0x0000000084300000, 0x00000000d5580000)
  object space 68608K, 25% used [0x0000000080000000,0x0000000081125990,0x0000000084300000)
 Metaspace       used 31297K, committed 32448K, reserved 1114112K
  class space    used 3148K, committed 3648K, reserved 1048576K
}
Event: 3.058 GC heap before
{Heap before GC invocations=13 (full 1):
 PSYoungGen      total 24064K, used 24051K [0x00000000d5580000, 0x00000000d7300000, 0x0000000100000000)
  eden space 22528K, 100% used [0x00000000d5580000,0x00000000d6b80000,0x00000000d6b80000)
  from space 1536K, 99% used [0x00000000d7100000,0x00000000d727cf78,0x00000000d7280000)
  to   space 512K, 0% used [0x00000000d7280000,0x00000000d7280000,0x00000000d7300000)
 ParOldGen       total 68608K, used 17558K [0x0000000080000000, 0x0000000084300000, 0x00000000d5580000)
  object space 68608K, 25% used [0x0000000080000000,0x0000000081125990,0x0000000084300000)
 Metaspace       used 33814K, committed 34944K, reserved 1114112K
  class space    used 3438K, committed 3904K, reserved 1048576K
}
Event: 3.060 GC heap after
{Heap after GC invocations=13 (full 1):
 PSYoungGen      total 22528K, used 512K [0x00000000d5580000, 0x00000000d7800000, 0x0000000100000000)
  eden space 22016K, 0% used [0x00000000d5580000,0x00000000d5580000,0x00000000d6b00000)
  from space 512K, 100% used [0x00000000d7280000,0x00000000d7300000,0x00000000d7300000)
  to   space 6656K, 0% used [0x00000000d6b00000,0x00000000d6b00000,0x00000000d7180000)
 ParOldGen       total 68608K, used 22937K [0x0000000080000000, 0x0000000084300000, 0x00000000d5580000)
  object space 68608K, 33% used [0x0000000080000000,0x0000000081666648,0x0000000084300000)
 Metaspace       used 33814K, committed 34944K, reserved 1114112K
  class space    used 3438K, committed 3904K, reserved 1048576K
}
Event: 3.103 GC heap before
{Heap before GC invocations=14 (full 1):
 PSYoungGen      total 22528K, used 8239K [0x00000000d5580000, 0x00000000d7800000, 0x0000000100000000)
  eden space 22016K, 35% used [0x00000000d5580000,0x00000000d5d0be98,0x00000000d6b00000)
  from space 512K, 100% used [0x00000000d7280000,0x00000000d7300000,0x00000000d7300000)
  to   space 6656K, 0% used [0x00000000d6b00000,0x00000000d6b00000,0x00000000d7180000)
 ParOldGen       total 68608K, used 22937K [0x0000000080000000, 0x0000000084300000, 0x00000000d5580000)
  object space 68608K, 33% used [0x0000000080000000,0x0000000081666648,0x0000000084300000)
 Metaspace       used 34723K, committed 35840K, reserved 1114112K
  class space    used 3552K, committed 4032K, reserved 1048576K
}
Event: 3.105 GC heap after
{Heap after GC invocations=14 (full 1):
 PSYoungGen      total 23040K, used 768K [0x00000000d5580000, 0x00000000d7300000, 0x0000000100000000)
  eden space 22016K, 0% used [0x00000000d5580000,0x00000000d5580000,0x00000000d6b00000)
  from space 1024K, 75% used [0x00000000d6b00000,0x00000000d6bc0000,0x00000000d6c00000)
  to   space 3072K, 0% used [0x00000000d7000000,0x00000000d7000000,0x00000000d7300000)
 ParOldGen       total 68608K, used 23454K [0x0000000080000000, 0x0000000084300000, 0x00000000d5580000)
  object space 68608K, 34% used [0x0000000080000000,0x00000000816e7828,0x0000000084300000)
 Metaspace       used 34723K, committed 35840K, reserved 1114112K
  class space    used 3552K, committed 4032K, reserved 1048576K
}
Event: 3.105 GC heap before
{Heap before GC invocations=15 (full 2):
 PSYoungGen      total 23040K, used 768K [0x00000000d5580000, 0x00000000d7300000, 0x0000000100000000)
  eden space 22016K, 0% used [0x00000000d5580000,0x00000000d5580000,0x00000000d6b00000)
  from space 1024K, 75% used [0x00000000d6b00000,0x00000000d6bc0000,0x00000000d6c00000)
  to   space 3072K, 0% used [0x00000000d7000000,0x00000000d7000000,0x00000000d7300000)
 ParOldGen       total 68608K, used 23454K [0x0000000080000000, 0x0000000084300000, 0x00000000d5580000)
  object space 68608K, 34% used [0x0000000080000000,0x00000000816e7828,0x0000000084300000)
 Metaspace       used 34723K, committed 35840K, reserved 1114112K
  class space    used 3552K, committed 4032K, reserved 1048576K
}
Event: 3.127 GC heap after
{Heap after GC invocations=15 (full 2):
 PSYoungGen      total 23040K, used 0K [0x00000000d5580000, 0x00000000d7300000, 0x0000000100000000)
  eden space 22016K, 0% used [0x00000000d5580000,0x00000000d5580000,0x00000000d6b00000)
  from space 1024K, 0% used [0x00000000d6b00000,0x00000000d6b00000,0x00000000d6c00000)
  to   space 3072K, 0% used [0x00000000d7000000,0x00000000d7000000,0x00000000d7300000)
 ParOldGen       total 68608K, used 20486K [0x0000000080000000, 0x0000000084300000, 0x00000000d5580000)
  object space 68608K, 29% used [0x0000000080000000,0x0000000081401a00,0x0000000084300000)
 Metaspace       used 34723K, committed 35840K, reserved 1114112K
  class space    used 3552K, committed 4032K, reserved 1048576K
}
Event: 3.236 GC heap before
{Heap before GC invocations=16 (full 2):
 PSYoungGen      total 23040K, used 22006K [0x00000000d5580000, 0x00000000d7300000, 0x0000000100000000)
  eden space 22016K, 99% used [0x00000000d5580000,0x00000000d6afd8e8,0x00000000d6b00000)
  from space 1024K, 0% used [0x00000000d6b00000,0x00000000d6b00000,0x00000000d6c00000)
  to   space 3072K, 0% used [0x00000000d7000000,0x00000000d7000000,0x00000000d7300000)
 ParOldGen       total 68608K, used 20486K [0x0000000080000000, 0x0000000084300000, 0x00000000d5580000)
  object space 68608K, 29% used [0x0000000080000000,0x0000000081401a00,0x0000000084300000)
 Metaspace       used 37964K, committed 39104K, reserved 1114112K
  class space    used 3973K, committed 4416K, reserved 1048576K
}
Event: 3.238 GC heap after
{Heap after GC invocations=16 (full 2):
 PSYoungGen      total 23552K, used 1483K [0x00000000d5580000, 0x00000000d7180000, 0x0000000100000000)
  eden space 22016K, 0% used [0x00000000d5580000,0x00000000d5580000,0x00000000d6b00000)
  from space 1536K, 96% used [0x00000000d7000000,0x00000000d7172da0,0x00000000d7180000)
  to   space 2048K, 0% used [0x00000000d6d80000,0x00000000d6d80000,0x00000000d6f80000)
 ParOldGen       total 68608K, used 20494K [0x0000000080000000, 0x0000000084300000, 0x00000000d5580000)
  object space 68608K, 29% used [0x0000000080000000,0x0000000081403a00,0x0000000084300000)
 Metaspace       used 37964K, committed 39104K, reserved 1114112K
  class space    used 3973K, committed 4416K, reserved 1048576K
}
Event: 3.472 GC heap before
{Heap before GC invocations=17 (full 2):
 PSYoungGen      total 23552K, used 23485K [0x00000000d5580000, 0x00000000d7180000, 0x0000000100000000)
  eden space 22016K, 99% used [0x00000000d5580000,0x00000000d6afc8f0,0x00000000d6b00000)
  from space 1536K, 96% used [0x00000000d7000000,0x00000000d7172da0,0x00000000d7180000)
  to   space 2048K, 0% used [0x00000000d6d80000,0x00000000d6d80000,0x00000000d6f80000)
 ParOldGen       total 68608K, used 20663K [0x0000000080000000, 0x0000000084300000, 0x00000000d5580000)
  object space 68608K, 30% used [0x0000000080000000,0x000000008142de20,0x0000000084300000)
 Metaspace       used 40317K, committed 41536K, reserved 1114112K
  class space    used 4233K, committed 4736K, reserved 1048576K
}
Event: 3.476 GC heap after
{Heap after GC invocations=17 (full 2):
 PSYoungGen      total 24064K, used 1865K [0x00000000d5580000, 0x00000000d7080000, 0x0000000100000000)
  eden space 22016K, 0% used [0x00000000d5580000,0x00000000d5580000,0x00000000d6b00000)
  from space 2048K, 91% used [0x00000000d6d80000,0x00000000d6f52420,0x00000000d6f80000)
  to   space 1024K, 0% used [0x00000000d6f80000,0x00000000d6f80000,0x00000000d7080000)
 ParOldGen       total 68608K, used 21542K [0x0000000080000000, 0x0000000084300000, 0x00000000d5580000)
  object space 68608K, 31% used [0x0000000080000000,0x0000000081509998,0x0000000084300000)
 Metaspace       used 40317K, committed 41536K, reserved 1114112K
  class space    used 4233K, committed 4736K, reserved 1048576K
}
Event: 3.600 GC heap before
{Heap before GC invocations=18 (full 2):
 PSYoungGen      total 24064K, used 23881K [0x00000000d5580000, 0x00000000d7080000, 0x0000000100000000)
  eden space 22016K, 100% used [0x00000000d5580000,0x00000000d6b00000,0x00000000d6b00000)
  from space 2048K, 91% used [0x00000000d6d80000,0x00000000d6f52420,0x00000000d6f80000)
  to   space 1024K, 0% used [0x00000000d6f80000,0x00000000d6f80000,0x00000000d7080000)
 ParOldGen       total 68608K, used 21576K [0x0000000080000000, 0x0000000084300000, 0x00000000d5580000)
  object space 68608K, 31% used [0x0000000080000000,0x0000000081512040,0x0000000084300000)
 Metaspace       used 41713K, committed 43008K, reserved 1114112K
  class space    used 4426K, committed 4992K, reserved 1048576K
}
Event: 3.603 GC heap after
{Heap after GC invocations=18 (full 2):
 PSYoungGen      total 17408K, used 992K [0x00000000d5580000, 0x00000000d7f00000, 0x0000000100000000)
  eden space 16384K, 0% used [0x00000000d5580000,0x00000000d5580000,0x00000000d6580000)
  from space 1024K, 96% used [0x00000000d6f80000,0x00000000d7078180,0x00000000d7080000)
  to   space 10240K, 0% used [0x00000000d6580000,0x00000000d6580000,0x00000000d6f80000)
 ParOldGen       total 68608K, used 29154K [0x0000000080000000, 0x0000000084300000, 0x00000000d5580000)
  object space 68608K, 42% used [0x0000000080000000,0x0000000081c78998,0x0000000084300000)
 Metaspace       used 41713K, committed 43008K, reserved 1114112K
  class space    used 4426K, committed 4992K, reserved 1048576K
}
Event: 3.816 GC heap before
{Heap before GC invocations=19 (full 2):
 PSYoungGen      total 17408K, used 17376K [0x00000000d5580000, 0x00000000d7f00000, 0x0000000100000000)
  eden space 16384K, 100% used [0x00000000d5580000,0x00000000d6580000,0x00000000d6580000)
  from space 1024K, 96% used [0x00000000d6f80000,0x00000000d7078180,0x00000000d7080000)
  to   space 10240K, 0% used [0x00000000d6580000,0x00000000d6580000,0x00000000d6f80000)
 ParOldGen       total 68608K, used 29156K [0x0000000080000000, 0x0000000084300000, 0x00000000d5580000)
  object space 68608K, 42% used [0x0000000080000000,0x0000000081c792e8,0x0000000084300000)
 Metaspace       used 43392K, committed 44608K, reserved 1114112K
  class space    used 4666K, committed 5184K, reserved 1048576K
}
Event: 3.818 GC heap after
{Heap after GC invocations=19 (full 2):
 PSYoungGen      total 18432K, used 1712K [0x00000000d5580000, 0x00000000d7000000, 0x0000000100000000)
  eden space 16384K, 0% used [0x00000000d5580000,0x00000000d5580000,0x00000000d6580000)
  from space 2048K, 83% used [0x00000000d6580000,0x00000000d672c010,0x00000000d6780000)
  to   space 4608K, 0% used [0x00000000d6b80000,0x00000000d6b80000,0x00000000d7000000)
 ParOldGen       total 68608K, used 29801K [0x0000000080000000, 0x0000000084300000, 0x00000000d5580000)
  object space 68608K, 43% used [0x0000000080000000,0x0000000081d1a558,0x0000000084300000)
 Metaspace       used 43392K, committed 44608K, reserved 1114112K
  class space    used 4666K, committed 5184K, reserved 1048576K
}
Event: 3.956 GC heap before
{Heap before GC invocations=20 (full 2):
 PSYoungGen      total 18432K, used 18096K [0x00000000d5580000, 0x00000000d7000000, 0x0000000100000000)
  eden space 16384K, 100% used [0x00000000d5580000,0x00000000d6580000,0x00000000d6580000)
  from space 2048K, 83% used [0x00000000d6580000,0x00000000d672c010,0x00000000d6780000)
  to   space 4608K, 0% used [0x00000000d6b80000,0x00000000d6b80000,0x00000000d7000000)
 ParOldGen       total 68608K, used 29801K [0x0000000080000000, 0x0000000084300000, 0x00000000d5580000)
  object space 68608K, 43% used [0x0000000080000000,0x0000000081d1a558,0x0000000084300000)
 Metaspace       used 44316K, committed 45568K, reserved 1114112K
  class space    used 4786K, committed 5312K, reserved 1048576K
}
Event: 3.958 GC heap after
{Heap after GC invocations=20 (full 2):
 PSYoungGen      total 17408K, used 608K [0x00000000d5580000, 0x00000000d6c80000, 0x0000000100000000)
  eden space 16384K, 0% used [0x00000000d5580000,0x00000000d5580000,0x00000000d6580000)
  from space 1024K, 59% used [0x00000000d6b80000,0x00000000d6c18000,0x00000000d6c80000)
  to   space 1536K, 0% used [0x00000000d6980000,0x00000000d6980000,0x00000000d6b00000)
 ParOldGen       total 68608K, used 31273K [0x0000000080000000, 0x0000000084300000, 0x00000000d5580000)
  object space 68608K, 45% used [0x0000000080000000,0x0000000081e8a558,0x0000000084300000)
 Metaspace       used 44316K, committed 45568K, reserved 1114112K
  class space    used 4786K, committed 5312K, reserved 1048576K
}
Event: 4.138 GC heap before
{Heap before GC invocations=21 (full 2):
 PSYoungGen      total 17408K, used 16992K [0x00000000d5580000, 0x00000000d6c80000, 0x0000000100000000)
  eden space 16384K, 100% used [0x00000000d5580000,0x00000000d6580000,0x00000000d6580000)
  from space 1024K, 59% used [0x00000000d6b80000,0x00000000d6c18000,0x00000000d6c80000)
  to   space 1536K, 0% used [0x00000000d6980000,0x00000000d6980000,0x00000000d6b00000)
 ParOldGen       total 68608K, used 31273K [0x0000000080000000, 0x0000000084300000, 0x00000000d5580000)
  object space 68608K, 45% used [0x0000000080000000,0x0000000081e8a558,0x0000000084300000)
 Metaspace       used 45880K, committed 47104K, reserved 1114112K
  class space    used 4982K, committed 5504K, reserved 1048576K
}
Event: 4.140 GC heap after
{Heap after GC invocations=21 (full 2):
 PSYoungGen      total 17920K, used 608K [0x00000000d5580000, 0x00000000d6c00000, 0x0000000100000000)
  eden space 16384K, 0% used [0x00000000d5580000,0x00000000d5580000,0x00000000d6580000)
  from space 1536K, 39% used [0x00000000d6980000,0x00000000d6a18000,0x00000000d6b00000)
  to   space 1024K, 0% used [0x00000000d6b00000,0x00000000d6b00000,0x00000000d6c00000)
 ParOldGen       total 68608K, used 31593K [0x0000000080000000, 0x0000000084300000, 0x00000000d5580000)
  object space 68608K, 46% used [0x0000000080000000,0x0000000081eda558,0x0000000084300000)
 Metaspace       used 45880K, committed 47104K, reserved 1114112K
  class space    used 4982K, committed 5504K, reserved 1048576K
}

