# JRE version: OpenJDK Runtime Environment Temurin-21.0.8+9 (21.0.8+9) (build 21.0.8+9-LTS)
# Java VM: OpenJDK 64-Bit Server VM Temurin-21.0.8+9 (21.0.8+9-LTS, mixed mode, sharing, tiered, compressed oops, compressed class ptrs, parallel gc, windows-amd64)
GC Precious Log:
 CardTable entry size: 512
 CPUs: 12 total, 12 available
 Memory: 16180M
 Large Page Support: Disabled
 NUMA Support: Disabled
 Compressed Oops: Enabled (32-bit)
 Alignments: Space 512K, Generation 512K, Heap 2M
 Heap Min Capacity: 100M
 Heap Initial Capacity: 100M
 Heap Max Capacity: 2G
 Pre-touch: Disabled
 Parallel Workers: 10
Heap:
 PSYoungGen      total 9216K, used 0K [0x00000000d5580000, 0x00000000d5f80000, 0x0000000100000000)
  eden space 8704K, 0% used [0x00000000d5580000,0x00000000d5580000,0x00000000d5e00000)
  from space 512K, 0% used [0x00000000d5e00000,0x00000000d5e00000,0x00000000d5e80000)
  to   space 512K, 0% used [0x00000000d5f00000,0x00000000d5f00000,0x00000000d5f80000)
 ParOldGen       total 1398272K, used 1242102K [0x0000000080000000, 0x00000000d5580000, 0x00000000d5580000)
  object space 1398272K, 88% used [0x0000000080000000,0x00000000cbcfd948,0x00000000d5580000)
 Metaspace       used 61495K, committed 63040K, reserved 1114112K
  class space    used 6592K, committed 7232K, reserved 1048576K
GC Heap History (20 events):
Event: 18.378 GC heap after
{Heap after GC invocations=99 (full 3):
 PSYoungGen      total 8192K, used 384K [0x00000000d5580000, 0x00000000d5f00000, 0x0000000100000000)
  eden space 7680K, 0% used [0x00000000d5580000,0x00000000d5580000,0x00000000d5d00000)
  from space 512K, 75% used [0x00000000d5e80000,0x00000000d5ee0000,0x00000000d5f00000)
  to   space 1024K, 0% used [0x00000000d5d00000,0x00000000d5d00000,0x00000000d5e00000)
 ParOldGen       total 86528K, used 78528K [0x0000000080000000, 0x0000000085480000, 0x00000000d5580000)
  object space 86528K, 90% used [0x0000000080000000,0x0000000084cb02c8,0x0000000085480000)
 Metaspace       used 59841K, committed 61312K, reserved 1114112K
  class space    used 6438K, committed 7040K, reserved 1048576K
}
Event: 18.521 GC heap before
{Heap before GC invocations=100 (full 3):
 PSYoungGen      total 8192K, used 8064K [0x00000000d5580000, 0x00000000d5f00000, 0x0000000100000000)
  eden space 7680K, 100% used [0x00000000d5580000,0x00000000d5d00000,0x00000000d5d00000)
  from space 512K, 75% used [0x00000000d5e80000,0x00000000d5ee0000,0x00000000d5f00000)
  to   space 1024K, 0% used [0x00000000d5d00000,0x00000000d5d00000,0x00000000d5e00000)
 ParOldGen       total 142848K, used 133824K [0x0000000080000000, 0x0000000088b80000, 0x00000000d5580000)
  object space 142848K, 93% used [0x0000000080000000,0x00000000882b02e8,0x0000000088b80000)
 Metaspace       used 59996K, committed 61504K, reserved 1114112K
  class space    used 6454K, committed 7104K, reserved 1048576K
}
Event: 18.522 GC heap after
{Heap after GC invocations=100 (full 3):
 PSYoungGen      total 8704K, used 448K [0x00000000d5580000, 0x00000000d5f00000, 0x0000000100000000)
  eden space 7680K, 0% used [0x00000000d5580000,0x00000000d5580000,0x00000000d5d00000)
  from space 1024K, 43% used [0x00000000d5d00000,0x00000000d5d70000,0x00000000d5e00000)
  to   space 512K, 0% used [0x00000000d5e80000,0x00000000d5e80000,0x00000000d5f00000)
 ParOldGen       total 142848K, used 134056K [0x0000000080000000, 0x0000000088b80000, 0x00000000d5580000)
  object space 142848K, 93% used [0x0000000080000000,0x00000000882ea308,0x0000000088b80000)
 Metaspace       used 59996K, committed 61504K, reserved 1114112K
  class space    used 6454K, committed 7104K, reserved 1048576K
}
Event: 18.692 GC heap before
{Heap before GC invocations=101 (full 3):
 PSYoungGen      total 8704K, used 8102K [0x00000000d5580000, 0x00000000d5f00000, 0x0000000100000000)
  eden space 7680K, 99% used [0x00000000d5580000,0x00000000d5cf99a8,0x00000000d5d00000)
  from space 1024K, 43% used [0x00000000d5d00000,0x00000000d5d70000,0x00000000d5e00000)
  to   space 512K, 0% used [0x00000000d5e80000,0x00000000d5e80000,0x00000000d5f00000)
 ParOldGen       total 217088K, used 207784K [0x0000000080000000, 0x000000008d400000, 0x00000000d5580000)
  object space 217088K, 95% used [0x0000000080000000,0x000000008caea318,0x000000008d400000)
 Metaspace       used 60153K, committed 61696K, reserved 1114112K
  class space    used 6481K, committed 7104K, reserved 1048576K
}
Event: 18.693 GC heap after
{Heap after GC invocations=101 (full 3):
 PSYoungGen      total 8192K, used 352K [0x00000000d5580000, 0x00000000d5f00000, 0x0000000100000000)
  eden space 7680K, 0% used [0x00000000d5580000,0x00000000d5580000,0x00000000d5d00000)
  from space 512K, 68% used [0x00000000d5e80000,0x00000000d5ed8000,0x00000000d5f00000)
  to   space 512K, 0% used [0x00000000d5e00000,0x00000000d5e00000,0x00000000d5e80000)
 ParOldGen       total 217088K, used 208072K [0x0000000080000000, 0x000000008d400000, 0x00000000d5580000)
  object space 217088K, 95% used [0x0000000080000000,0x000000008cb32318,0x000000008d400000)
 Metaspace       used 60153K, committed 61696K, reserved 1114112K
  class space    used 6481K, committed 7104K, reserved 1048576K
}
Event: 18.741 GC heap before
{Heap before GC invocations=102 (full 3):
 PSYoungGen      total 8192K, used 8032K [0x00000000d5580000, 0x00000000d5f00000, 0x0000000100000000)
  eden space 7680K, 100% used [0x00000000d5580000,0x00000000d5d00000,0x00000000d5d00000)
  from space 512K, 68% used [0x00000000d5e80000,0x00000000d5ed8000,0x00000000d5f00000)
  to   space 512K, 0% used [0x00000000d5e00000,0x00000000d5e00000,0x00000000d5e80000)
 ParOldGen       total 365056K, used 355528K [0x0000000080000000, 0x0000000096480000, 0x00000000d5580000)
  object space 365056K, 97% used [0x0000000080000000,0x0000000095b32328,0x0000000096480000)
 Metaspace       used 60424K, committed 61952K, reserved 1114112K
  class space    used 6499K, committed 7104K, reserved 1048576K
}
Event: 18.742 GC heap after
{Heap after GC invocations=102 (full 3):
 PSYoungGen      total 8192K, used 503K [0x00000000d5580000, 0x00000000d6100000, 0x0000000100000000)
  eden space 7680K, 0% used [0x00000000d5580000,0x00000000d5580000,0x00000000d5d00000)
  from space 512K, 98% used [0x00000000d5e00000,0x00000000d5e7df30,0x00000000d5e80000)
  to   space 2048K, 0% used [0x00000000d5f00000,0x00000000d5f00000,0x00000000d6100000)
 ParOldGen       total 365056K, used 356742K [0x0000000080000000, 0x0000000096480000, 0x00000000d5580000)
  object space 365056K, 97% used [0x0000000080000000,0x0000000095c61928,0x0000000096480000)
 Metaspace       used 60424K, committed 61952K, reserved 1114112K
  class space    used 6499K, committed 7104K, reserved 1048576K
}
Event: 19.032 GC heap before
{Heap before GC invocations=103 (full 3):
 PSYoungGen      total 8192K, used 8183K [0x00000000d5580000, 0x00000000d6100000, 0x0000000100000000)
  eden space 7680K, 100% used [0x00000000d5580000,0x00000000d5d00000,0x00000000d5d00000)
  from space 512K, 98% used [0x00000000d5e00000,0x00000000d5e7df30,0x00000000d5e80000)
  to   space 2048K, 0% used [0x00000000d5f00000,0x00000000d5f00000,0x00000000d6100000)
 ParOldGen       total 365056K, used 356742K [0x0000000080000000, 0x0000000096480000, 0x00000000d5580000)
  object space 365056K, 97% used [0x0000000080000000,0x0000000095c61928,0x0000000096480000)
 Metaspace       used 60439K, committed 61952K, reserved 1114112K
  class space    used 6499K, committed 7104K, reserved 1048576K
}
Event: 19.033 GC heap after
{Heap after GC invocations=103 (full 3):
 PSYoungGen      total 9216K, used 1161K [0x00000000d5580000, 0x00000000d6080000, 0x0000000100000000)
  eden space 7680K, 0% used [0x00000000d5580000,0x00000000d5580000,0x00000000d5d00000)
  from space 1536K, 75% used [0x00000000d5f00000,0x00000000d6022608,0x00000000d6080000)
  to   space 1536K, 0% used [0x00000000d5d80000,0x00000000d5d80000,0x00000000d5f00000)
 ParOldGen       total 365056K, used 356998K [0x0000000080000000, 0x0000000096480000, 0x00000000d5580000)
  object space 365056K, 97% used [0x0000000080000000,0x0000000095ca1928,0x0000000096480000)
 Metaspace       used 60439K, committed 61952K, reserved 1114112K
  class space    used 6499K, committed 7104K, reserved 1048576K
}
Event: 19.133 GC heap before
{Heap before GC invocations=104 (full 3):
 PSYoungGen      total 9216K, used 8841K [0x00000000d5580000, 0x00000000d6080000, 0x0000000100000000)
  eden space 7680K, 100% used [0x00000000d5580000,0x00000000d5d00000,0x00000000d5d00000)
  from space 1536K, 75% used [0x00000000d5f00000,0x00000000d6022608,0x00000000d6080000)
  to   space 1536K, 0% used [0x00000000d5d80000,0x00000000d5d80000,0x00000000d5f00000)
 ParOldGen       total 660480K, used 651910K [0x0000000080000000, 0x00000000a8500000, 0x00000000d5580000)
  object space 660480K, 98% used [0x0000000080000000,0x00000000a7ca1938,0x00000000a8500000)
 Metaspace       used 60440K, committed 61952K, reserved 1114112K
  class space    used 6499K, committed 7104K, reserved 1048576K
}
Event: 19.134 GC heap after
{Heap after GC invocations=104 (full 3):
 PSYoungGen      total 8704K, used 713K [0x00000000d5580000, 0x00000000d5f80000, 0x0000000100000000)
  eden space 7680K, 0% used [0x00000000d5580000,0x00000000d5580000,0x00000000d5d00000)
  from space 1024K, 69% used [0x00000000d5d80000,0x00000000d5e32780,0x00000000d5e80000)
  to   space 1024K, 0% used [0x00000000d5e80000,0x00000000d5e80000,0x00000000d5f80000)
 ParOldGen       total 660480K, used 652054K [0x0000000080000000, 0x00000000a8500000, 0x00000000d5580000)
  object space 660480K, 98% used [0x0000000080000000,0x00000000a7cc5938,0x00000000a8500000)
 Metaspace       used 60440K, committed 61952K, reserved 1114112K
  class space    used 6499K, committed 7104K, reserved 1048576K
}
Event: 19.700 GC heap before
{Heap before GC invocations=105 (full 3):
 PSYoungGen      total 8704K, used 8349K [0x00000000d5580000, 0x00000000d5f80000, 0x0000000100000000)
  eden space 7680K, 99% used [0x00000000d5580000,0x00000000d5cf4e20,0x00000000d5d00000)
  from space 1024K, 69% used [0x00000000d5d80000,0x00000000d5e32780,0x00000000d5e80000)
  to   space 1024K, 0% used [0x00000000d5e80000,0x00000000d5e80000,0x00000000d5f80000)
 ParOldGen       total 660480K, used 652054K [0x0000000080000000, 0x00000000a8500000, 0x00000000d5580000)
  object space 660480K, 98% used [0x0000000080000000,0x00000000a7cc5938,0x00000000a8500000)
 Metaspace       used 60443K, committed 61952K, reserved 1114112K
  class space    used 6499K, committed 7104K, reserved 1048576K
}
Event: 19.701 GC heap after
{Heap after GC invocations=105 (full 3):
 PSYoungGen      total 8704K, used 726K [0x00000000d5580000, 0x00000000d5f80000, 0x0000000100000000)
  eden space 7680K, 0% used [0x00000000d5580000,0x00000000d5580000,0x00000000d5d00000)
  from space 1024K, 70% used [0x00000000d5e80000,0x00000000d5f35820,0x00000000d5f80000)
  to   space 1024K, 0% used [0x00000000d5d80000,0x00000000d5d80000,0x00000000d5e80000)
 ParOldGen       total 660480K, used 652062K [0x0000000080000000, 0x00000000a8500000, 0x00000000d5580000)
  object space 660480K, 98% used [0x0000000080000000,0x00000000a7cc7938,0x00000000a8500000)
 Metaspace       used 60443K, committed 61952K, reserved 1114112K
  class space    used 6499K, committed 7104K, reserved 1048576K
}
Event: 19.883 GC heap before
{Heap before GC invocations=106 (full 3):
 PSYoungGen      total 8704K, used 8406K [0x00000000d5580000, 0x00000000d5f80000, 0x0000000100000000)
  eden space 7680K, 100% used [0x00000000d5580000,0x00000000d5d00000,0x00000000d5d00000)
  from space 1024K, 70% used [0x00000000d5e80000,0x00000000d5f35820,0x00000000d5f80000)
  to   space 1024K, 0% used [0x00000000d5d80000,0x00000000d5d80000,0x00000000d5e80000)
 ParOldGen       total 1250816K, used 1241886K [0x0000000080000000, 0x00000000cc580000, 0x00000000d5580000)
  object space 1250816K, 99% used [0x0000000080000000,0x00000000cbcc7948,0x00000000cc580000)
 Metaspace       used 60827K, committed 62336K, reserved 1114112K
  class space    used 6524K, committed 7104K, reserved 1048576K
}
Event: 19.884 GC heap after
{Heap after GC invocations=106 (full 3):
 PSYoungGen      total 8704K, used 288K [0x00000000d5580000, 0x00000000d5f00000, 0x0000000100000000)
  eden space 7680K, 0% used [0x00000000d5580000,0x00000000d5580000,0x00000000d5d00000)
  from space 1024K, 28% used [0x00000000d5d80000,0x00000000d5dc8000,0x00000000d5e80000)
  to   space 512K, 0% used [0x00000000d5e80000,0x00000000d5e80000,0x00000000d5f00000)
 ParOldGen       total 1250816K, used 1241886K [0x0000000080000000, 0x00000000cc580000, 0x00000000d5580000)
  object space 1250816K, 99% used [0x0000000080000000,0x00000000cbcc7948,0x00000000cc580000)
 Metaspace       used 60827K, committed 62336K, reserved 1114112K
  class space    used 6524K, committed 7104K, reserved 1048576K
}
Event: 21.052 GC heap before
{Heap before GC invocations=107 (full 3):
 PSYoungGen      total 8704K, used 4387K [0x00000000d5580000, 0x00000000d5f00000, 0x0000000100000000)
  eden space 7680K, 53% used [0x00000000d5580000,0x00000000d5980d18,0x00000000d5d00000)
  from space 1024K, 28% used [0x00000000d5d80000,0x00000000d5dc8000,0x00000000d5e80000)
  to   space 512K, 0% used [0x00000000d5e80000,0x00000000d5e80000,0x00000000d5f00000)
 ParOldGen       total 1398272K, used 1241886K [0x0000000080000000, 0x00000000d5580000, 0x00000000d5580000)
  object space 1398272K, 88% used [0x0000000080000000,0x00000000cbcc7948,0x00000000d5580000)
 Metaspace       used 61495K, committed 63040K, reserved 1114112K
  class space    used 6592K, committed 7232K, reserved 1048576K
}
Event: 21.055 GC heap after
{Heap after GC invocations=107 (full 3):
 PSYoungGen      total 8192K, used 320K [0x00000000d5580000, 0x00000000d5f00000, 0x0000000100000000)
  eden space 7680K, 0% used [0x00000000d5580000,0x00000000d5580000,0x00000000d5d00000)
  from space 512K, 62% used [0x00000000d5e80000,0x00000000d5ed0000,0x00000000d5f00000)
  to   space 512K, 0% used [0x00000000d5e00000,0x00000000d5e00000,0x00000000d5e80000)
 ParOldGen       total 1398272K, used 1241950K [0x0000000080000000, 0x00000000d5580000, 0x00000000d5580000)
  object space 1398272K, 88% used [0x0000000080000000,0x00000000cbcd7948,0x00000000d5580000)
 Metaspace       used 61495K, committed 63040K, reserved 1114112K
  class space    used 6592K, committed 7232K, reserved 1048576K
}
Event: 21.055 GC heap before
{Heap before GC invocations=108 (full 3):
 PSYoungGen      total 8192K, used 320K [0x00000000d5580000, 0x00000000d5f00000, 0x0000000100000000)
  eden space 7680K, 0% used [0x00000000d5580000,0x00000000d5580000,0x00000000d5d00000)
  from space 512K, 62% used [0x00000000d5e80000,0x00000000d5ed0000,0x00000000d5f00000)
  to   space 512K, 0% used [0x00000000d5e00000,0x00000000d5e00000,0x00000000d5e80000)
 ParOldGen       total 1398272K, used 1241950K [0x0000000080000000, 0x00000000d5580000, 0x00000000d5580000)
  object space 1398272K, 88% used [0x0000000080000000,0x00000000cbcd7948,0x00000000d5580000)
 Metaspace       used 61495K, committed 63040K, reserved 1114112K
  class space    used 6592K, committed 7232K, reserved 1048576K
}
Event: 21.058 GC heap after
{Heap after GC invocations=108 (full 3):
 PSYoungGen      total 9216K, used 0K [0x00000000d5580000, 0x00000000d5f80000, 0x0000000100000000)
  eden space 8704K, 0% used [0x00000000d5580000,0x00000000d5580000,0x00000000d5e00000)
  from space 512K, 0% used [0x00000000d5e00000,0x00000000d5e00000,0x00000000d5e80000)
  to   space 512K, 0% used [0x00000000d5f00000,0x00000000d5f00000,0x00000000d5f80000)
 ParOldGen       total 1398272K, used 1242102K [0x0000000080000000, 0x00000000d5580000, 0x00000000d5580000)
  object space 1398272K, 88% used [0x0000000080000000,0x00000000cbcfd948,0x00000000d5580000)
 Metaspace       used 61495K, committed 63040K, reserved 1114112K
  class space    used 6592K, committed 7232K, reserved 1048576K
}
Event: 21.058 GC heap before
{Heap before GC invocations=109 (full 4):
 PSYoungGen      total 9216K, used 0K [0x00000000d5580000, 0x00000000d5f80000, 0x0000000100000000)
  eden space 8704K, 0% used [0x00000000d5580000,0x00000000d5580000,0x00000000d5e00000)
  from space 512K, 0% used [0x00000000d5e00000,0x00000000d5e00000,0x00000000d5e80000)
  to   space 512K, 0% used [0x00000000d5f00000,0x00000000d5f00000,0x00000000d5f80000)
 ParOldGen       total 1398272K, used 1242102K [0x0000000080000000, 0x00000000d5580000, 0x00000000d5580000)
  object space 1398272K, 88% used [0x0000000080000000,0x00000000cbcfd948,0x00000000d5580000)
 Metaspace       used 61495K, committed 63040K, reserved 1114112K
  class space    used 6592K, committed 7232K, reserved 1048576K
}

