# JRE version: OpenJDK Runtime Environment Temurin-21.0.9+10 (21.0.9+10) (build 21.0.9+10-LTS)
# Java VM: OpenJDK 64-Bit Server VM Temurin-21.0.9+10 (21.0.9+10-LTS, mixed mode, sharing, tiered, compressed oops, compressed class ptrs, parallel gc, windows-amd64)
GC Precious Log:
 CardTable entry size: 512
 CPUs: 12 total, 12 available
 Memory: 16180M
 Large Page Support: Disabled
 NUMA Support: Disabled
 Compressed Oops: Enabled (32-bit)
 Alignments: Space 512K, Generation 512K, Heap 2M
 Heap Min Capacity: 100M
 Heap Initial Capacity: 100M
 Heap Max Capacity: 2G
 Pre-touch: Disabled
 Parallel Workers: 10
Heap:
 PSYoungGen      total 12288K, used 3490K [0x00000000d5580000, 0x00000000d6280000, 0x0000000100000000)
  eden space 11264K, 25% used [0x00000000d5580000,0x00000000d5858858,0x00000000d6080000)
  from space 1024K, 56% used [0x00000000d6080000,0x00000000d6110000,0x00000000d6180000)
  to   space 1024K, 0% used [0x00000000d6180000,0x00000000d6180000,0x00000000d6280000)
 ParOldGen       total 87040K, used 67919K [0x0000000080000000, 0x0000000085500000, 0x00000000d5580000)
  object space 87040K, 78% used [0x0000000080000000,0x0000000084253e60,0x0000000085500000)
 Metaspace       used 62120K, committed 63552K, reserved 1114112K
  class space    used 6606K, committed 7232K, reserved 1048576K
GC Heap History (20 events):
Event: 21.664 GC heap before
{Heap before GC invocations=116 (full 3):
 PSYoungGen      total 11776K, used 11751K [0x00000000d5580000, 0x00000000d6580000, 0x0000000100000000)
  eden space 11264K, 100% used [0x00000000d5580000,0x00000000d6080000,0x00000000d6080000)
  from space 512K, 95% used [0x00000000d6280000,0x00000000d62f9e68,0x00000000d6300000)
  to   space 2048K, 0% used [0x00000000d6080000,0x00000000d6080000,0x00000000d6280000)
 ParOldGen       total 87040K, used 63843K [0x0000000080000000, 0x0000000085500000, 0x00000000d5580000)
  object space 87040K, 73% used [0x0000000080000000,0x0000000083e58cb8,0x0000000085500000)
 Metaspace       used 59967K, committed 61376K, reserved 1114112K
  class space    used 6435K, committed 7040K, reserved 1048576K
}
Event: 21.665 GC heap after
{Heap after GC invocations=116 (full 3):
 PSYoungGen      total 12288K, used 688K [0x00000000d5580000, 0x00000000d6300000, 0x0000000100000000)
  eden space 11264K, 0% used [0x00000000d5580000,0x00000000d5580000,0x00000000d6080000)
  from space 1024K, 67% used [0x00000000d6080000,0x00000000d612c010,0x00000000d6180000)
  to   space 1024K, 0% used [0x00000000d6200000,0x00000000d6200000,0x00000000d6300000)
 ParOldGen       total 87040K, used 64322K [0x0000000080000000, 0x0000000085500000, 0x00000000d5580000)
  object space 87040K, 73% used [0x0000000080000000,0x0000000083ed0b20,0x0000000085500000)
 Metaspace       used 59967K, committed 61376K, reserved 1114112K
  class space    used 6435K, committed 7040K, reserved 1048576K
}
Event: 21.728 GC heap before
{Heap before GC invocations=117 (full 3):
 PSYoungGen      total 12288K, used 11952K [0x00000000d5580000, 0x00000000d6300000, 0x0000000100000000)
  eden space 11264K, 100% used [0x00000000d5580000,0x00000000d6080000,0x00000000d6080000)
  from space 1024K, 67% used [0x00000000d6080000,0x00000000d612c010,0x00000000d6180000)
  to   space 1024K, 0% used [0x00000000d6200000,0x00000000d6200000,0x00000000d6300000)
 ParOldGen       total 87040K, used 64322K [0x0000000080000000, 0x0000000085500000, 0x00000000d5580000)
  object space 87040K, 73% used [0x0000000080000000,0x0000000083ed0b20,0x0000000085500000)
 Metaspace       used 60069K, committed 61504K, reserved 1114112K
  class space    used 6442K, committed 7040K, reserved 1048576K
}
Event: 21.729 GC heap after
{Heap after GC invocations=117 (full 3):
 PSYoungGen      total 11776K, used 448K [0x00000000d5580000, 0x00000000d6280000, 0x0000000100000000)
  eden space 11264K, 0% used [0x00000000d5580000,0x00000000d5580000,0x00000000d6080000)
  from space 512K, 87% used [0x00000000d6200000,0x00000000d6270000,0x00000000d6280000)
  to   space 1024K, 0% used [0x00000000d6080000,0x00000000d6080000,0x00000000d6180000)
 ParOldGen       total 87040K, used 64826K [0x0000000080000000, 0x0000000085500000, 0x00000000d5580000)
  object space 87040K, 74% used [0x0000000080000000,0x0000000083f4eb40,0x0000000085500000)
 Metaspace       used 60069K, committed 61504K, reserved 1114112K
  class space    used 6442K, committed 7040K, reserved 1048576K
}
Event: 21.793 GC heap before
{Heap before GC invocations=118 (full 3):
 PSYoungGen      total 11776K, used 11712K [0x00000000d5580000, 0x00000000d6280000, 0x0000000100000000)
  eden space 11264K, 100% used [0x00000000d5580000,0x00000000d6080000,0x00000000d6080000)
  from space 512K, 87% used [0x00000000d6200000,0x00000000d6270000,0x00000000d6280000)
  to   space 1024K, 0% used [0x00000000d6080000,0x00000000d6080000,0x00000000d6180000)
 ParOldGen       total 87040K, used 64826K [0x0000000080000000, 0x0000000085500000, 0x00000000d5580000)
  object space 87040K, 74% used [0x0000000080000000,0x0000000083f4eb40,0x0000000085500000)
 Metaspace       used 60383K, committed 61760K, reserved 1114112K
  class space    used 6462K, committed 7040K, reserved 1048576K
}
Event: 21.794 GC heap after
{Heap after GC invocations=118 (full 3):
 PSYoungGen      total 12288K, used 992K [0x00000000d5580000, 0x00000000d6580000, 0x0000000100000000)
  eden space 11264K, 0% used [0x00000000d5580000,0x00000000d5580000,0x00000000d6080000)
  from space 1024K, 96% used [0x00000000d6080000,0x00000000d6178340,0x00000000d6180000)
  to   space 2560K, 0% used [0x00000000d6300000,0x00000000d6300000,0x00000000d6580000)
 ParOldGen       total 87040K, used 65769K [0x0000000080000000, 0x0000000085500000, 0x00000000d5580000)
  object space 87040K, 75% used [0x0000000080000000,0x000000008403a688,0x0000000085500000)
 Metaspace       used 60383K, committed 61760K, reserved 1114112K
  class space    used 6462K, committed 7040K, reserved 1048576K
}
Event: 21.814 GC heap before
{Heap before GC invocations=119 (full 3):
 PSYoungGen      total 12288K, used 12076K [0x00000000d5580000, 0x00000000d6580000, 0x0000000100000000)
  eden space 11264K, 98% used [0x00000000d5580000,0x00000000d6052e60,0x00000000d6080000)
  from space 1024K, 96% used [0x00000000d6080000,0x00000000d6178340,0x00000000d6180000)
  to   space 2560K, 0% used [0x00000000d6300000,0x00000000d6300000,0x00000000d6580000)
 ParOldGen       total 87040K, used 65769K [0x0000000080000000, 0x0000000085500000, 0x00000000d5580000)
  object space 87040K, 75% used [0x0000000080000000,0x000000008403a688,0x0000000085500000)
 Metaspace       used 60393K, committed 61760K, reserved 1114112K
  class space    used 6462K, committed 7040K, reserved 1048576K
}
Event: 21.815 GC heap after
{Heap after GC invocations=119 (full 3):
 PSYoungGen      total 12800K, used 1349K [0x00000000d5580000, 0x00000000d6480000, 0x0000000100000000)
  eden space 11264K, 0% used [0x00000000d5580000,0x00000000d5580000,0x00000000d6080000)
  from space 1536K, 87% used [0x00000000d6300000,0x00000000d6451538,0x00000000d6480000)
  to   space 2048K, 0% used [0x00000000d6080000,0x00000000d6080000,0x00000000d6280000)
 ParOldGen       total 87040K, used 66332K [0x0000000080000000, 0x0000000085500000, 0x00000000d5580000)
  object space 87040K, 76% used [0x0000000080000000,0x00000000840c70c0,0x0000000085500000)
 Metaspace       used 60393K, committed 61760K, reserved 1114112K
  class space    used 6462K, committed 7040K, reserved 1048576K
}
Event: 21.826 GC heap before
{Heap before GC invocations=120 (full 3):
 PSYoungGen      total 12800K, used 12500K [0x00000000d5580000, 0x00000000d6480000, 0x0000000100000000)
  eden space 11264K, 98% used [0x00000000d5580000,0x00000000d6063bb8,0x00000000d6080000)
  from space 1536K, 87% used [0x00000000d6300000,0x00000000d6451538,0x00000000d6480000)
  to   space 2048K, 0% used [0x00000000d6080000,0x00000000d6080000,0x00000000d6280000)
 ParOldGen       total 87040K, used 66332K [0x0000000080000000, 0x0000000085500000, 0x00000000d5580000)
  object space 87040K, 76% used [0x0000000080000000,0x00000000840c70c0,0x0000000085500000)
 Metaspace       used 60400K, committed 61760K, reserved 1114112K
  class space    used 6462K, committed 7040K, reserved 1048576K
}
Event: 21.827 GC heap after
{Heap after GC invocations=120 (full 3):
 PSYoungGen      total 12288K, used 982K [0x00000000d5580000, 0x00000000d6380000, 0x0000000100000000)
  eden space 11264K, 0% used [0x00000000d5580000,0x00000000d5580000,0x00000000d6080000)
  from space 1024K, 95% used [0x00000000d6080000,0x00000000d6175ac0,0x00000000d6180000)
  to   space 1536K, 0% used [0x00000000d6200000,0x00000000d6200000,0x00000000d6380000)
 ParOldGen       total 87040K, used 66356K [0x0000000080000000, 0x0000000085500000, 0x00000000d5580000)
  object space 87040K, 76% used [0x0000000080000000,0x00000000840cd0c0,0x0000000085500000)
 Metaspace       used 60400K, committed 61760K, reserved 1114112K
  class space    used 6462K, committed 7040K, reserved 1048576K
}
Event: 21.881 GC heap before
{Heap before GC invocations=121 (full 3):
 PSYoungGen      total 12288K, used 12246K [0x00000000d5580000, 0x00000000d6380000, 0x0000000100000000)
  eden space 11264K, 100% used [0x00000000d5580000,0x00000000d6080000,0x00000000d6080000)
  from space 1024K, 95% used [0x00000000d6080000,0x00000000d6175ac0,0x00000000d6180000)
  to   space 1536K, 0% used [0x00000000d6200000,0x00000000d6200000,0x00000000d6380000)
 ParOldGen       total 87040K, used 66356K [0x0000000080000000, 0x0000000085500000, 0x00000000d5580000)
  object space 87040K, 76% used [0x0000000080000000,0x00000000840cd0c0,0x0000000085500000)
 Metaspace       used 61471K, committed 62912K, reserved 1114112K
  class space    used 6558K, committed 7168K, reserved 1048576K
}
Event: 21.882 GC heap after
{Heap after GC invocations=121 (full 3):
 PSYoungGen      total 11776K, used 320K [0x00000000d5580000, 0x00000000d6280000, 0x0000000100000000)
  eden space 11264K, 0% used [0x00000000d5580000,0x00000000d5580000,0x00000000d6080000)
  from space 512K, 62% used [0x00000000d6200000,0x00000000d6250000,0x00000000d6280000)
  to   space 1024K, 0% used [0x00000000d6080000,0x00000000d6080000,0x00000000d6180000)
 ParOldGen       total 87040K, used 66364K [0x0000000080000000, 0x0000000085500000, 0x00000000d5580000)
  object space 87040K, 76% used [0x0000000080000000,0x00000000840cf0c0,0x0000000085500000)
 Metaspace       used 61471K, committed 62912K, reserved 1114112K
  class space    used 6558K, committed 7168K, reserved 1048576K
}
Event: 22.019 GC heap before
{Heap before GC invocations=122 (full 3):
 PSYoungGen      total 11776K, used 11584K [0x00000000d5580000, 0x00000000d6280000, 0x0000000100000000)
  eden space 11264K, 100% used [0x00000000d5580000,0x00000000d6080000,0x00000000d6080000)
  from space 512K, 62% used [0x00000000d6200000,0x00000000d6250000,0x00000000d6280000)
  to   space 1024K, 0% used [0x00000000d6080000,0x00000000d6080000,0x00000000d6180000)
 ParOldGen       total 87040K, used 66364K [0x0000000080000000, 0x0000000085500000, 0x00000000d5580000)
  object space 87040K, 76% used [0x0000000080000000,0x00000000840cf0c0,0x0000000085500000)
 Metaspace       used 61712K, committed 63168K, reserved 1114112K
  class space    used 6586K, committed 7232K, reserved 1048576K
}
Event: 22.020 GC heap after
{Heap after GC invocations=122 (full 3):
 PSYoungGen      total 12288K, used 545K [0x00000000d5580000, 0x00000000d6280000, 0x0000000100000000)
  eden space 11264K, 0% used [0x00000000d5580000,0x00000000d5580000,0x00000000d6080000)
  from space 1024K, 53% used [0x00000000d6080000,0x00000000d6108538,0x00000000d6180000)
  to   space 1024K, 0% used [0x00000000d6180000,0x00000000d6180000,0x00000000d6280000)
 ParOldGen       total 87040K, used 66532K [0x0000000080000000, 0x0000000085500000, 0x00000000d5580000)
  object space 87040K, 76% used [0x0000000080000000,0x00000000840f90c0,0x0000000085500000)
 Metaspace       used 61712K, committed 63168K, reserved 1114112K
  class space    used 6586K, committed 7232K, reserved 1048576K
}
Event: 22.105 GC heap before
{Heap before GC invocations=123 (full 3):
 PSYoungGen      total 12288K, used 11809K [0x00000000d5580000, 0x00000000d6280000, 0x0000000100000000)
  eden space 11264K, 100% used [0x00000000d5580000,0x00000000d6080000,0x00000000d6080000)
  from space 1024K, 53% used [0x00000000d6080000,0x00000000d6108538,0x00000000d6180000)
  to   space 1024K, 0% used [0x00000000d6180000,0x00000000d6180000,0x00000000d6280000)
 ParOldGen       total 87040K, used 66532K [0x0000000080000000, 0x0000000085500000, 0x00000000d5580000)
  object space 87040K, 76% used [0x0000000080000000,0x00000000840f90c0,0x0000000085500000)
 Metaspace       used 61795K, committed 63232K, reserved 1114112K
  class space    used 6586K, committed 7232K, reserved 1048576K
}
Event: 22.106 GC heap after
{Heap after GC invocations=123 (full 3):
 PSYoungGen      total 11776K, used 416K [0x00000000d5580000, 0x00000000d6200000, 0x0000000100000000)
  eden space 11264K, 0% used [0x00000000d5580000,0x00000000d5580000,0x00000000d6080000)
  from space 512K, 81% used [0x00000000d6180000,0x00000000d61e8000,0x00000000d6200000)
  to   space 512K, 0% used [0x00000000d6100000,0x00000000d6100000,0x00000000d6180000)
 ParOldGen       total 87040K, used 66789K [0x0000000080000000, 0x0000000085500000, 0x00000000d5580000)
  object space 87040K, 76% used [0x0000000080000000,0x00000000841395f8,0x0000000085500000)
 Metaspace       used 61795K, committed 63232K, reserved 1114112K
  class space    used 6586K, committed 7232K, reserved 1048576K
}
Event: 22.273 GC heap before
{Heap before GC invocations=124 (full 3):
 PSYoungGen      total 11776K, used 11680K [0x00000000d5580000, 0x00000000d6200000, 0x0000000100000000)
  eden space 11264K, 100% used [0x00000000d5580000,0x00000000d6080000,0x00000000d6080000)
  from space 512K, 81% used [0x00000000d6180000,0x00000000d61e8000,0x00000000d6200000)
  to   space 512K, 0% used [0x00000000d6100000,0x00000000d6100000,0x00000000d6180000)
 ParOldGen       total 87040K, used 66789K [0x0000000080000000, 0x0000000085500000, 0x00000000d5580000)
  object space 87040K, 76% used [0x0000000080000000,0x00000000841395f8,0x0000000085500000)
 Metaspace       used 61930K, committed 63360K, reserved 1114112K
  class space    used 6593K, committed 7232K, reserved 1048576K
}
Event: 22.274 GC heap after
{Heap after GC invocations=124 (full 3):
 PSYoungGen      total 11776K, used 480K [0x00000000d5580000, 0x00000000d6280000, 0x0000000100000000)
  eden space 11264K, 0% used [0x00000000d5580000,0x00000000d5580000,0x00000000d6080000)
  from space 512K, 93% used [0x00000000d6100000,0x00000000d6178010,0x00000000d6180000)
  to   space 1024K, 0% used [0x00000000d6180000,0x00000000d6180000,0x00000000d6280000)
 ParOldGen       total 87040K, used 67013K [0x0000000080000000, 0x0000000085500000, 0x00000000d5580000)
  object space 87040K, 76% used [0x0000000080000000,0x00000000841715f8,0x0000000085500000)
 Metaspace       used 61930K, committed 63360K, reserved 1114112K
  class space    used 6593K, committed 7232K, reserved 1048576K
}
Event: 22.508 GC heap before
{Heap before GC invocations=125 (full 3):
 PSYoungGen      total 11776K, used 11744K [0x00000000d5580000, 0x00000000d6280000, 0x0000000100000000)
  eden space 11264K, 100% used [0x00000000d5580000,0x00000000d6080000,0x00000000d6080000)
  from space 512K, 93% used [0x00000000d6100000,0x00000000d6178010,0x00000000d6180000)
  to   space 1024K, 0% used [0x00000000d6180000,0x00000000d6180000,0x00000000d6280000)
 ParOldGen       total 87040K, used 67013K [0x0000000080000000, 0x0000000085500000, 0x00000000d5580000)
  object space 87040K, 76% used [0x0000000080000000,0x00000000841715f8,0x0000000085500000)
 Metaspace       used 62086K, committed 63552K, reserved 1114112K
  class space    used 6606K, committed 7232K, reserved 1048576K
}
Event: 22.509 GC heap after
{Heap after GC invocations=125 (full 3):
 PSYoungGen      total 12288K, used 674K [0x00000000d5580000, 0x00000000d6280000, 0x0000000100000000)
  eden space 11264K, 0% used [0x00000000d5580000,0x00000000d5580000,0x00000000d6080000)
  from space 1024K, 65% used [0x00000000d6180000,0x00000000d6228a30,0x00000000d6280000)
  to   space 1024K, 0% used [0x00000000d6080000,0x00000000d6080000,0x00000000d6180000)
 ParOldGen       total 87040K, used 67434K [0x0000000080000000, 0x0000000085500000, 0x00000000d5580000)
  object space 87040K, 77% used [0x0000000080000000,0x00000000841da8a0,0x0000000085500000)
 Metaspace       used 62086K, committed 63552K, reserved 1114112K
  class space    used 6606K, committed 7232K, reserved 1048576K
}

